2019-07-05 14:07:25,517,517 root WARNING Will not process this file Neque_voluptatem.csv,
2019-07-05 14:07:25,522,522 root WARNING Will not process this file Adipisci_adipisci.zip,
2019-07-05 14:07:25,529,529 root WARNING Will not process this file Ipsum_eius.csv,
2019-07-05 14:07:25,531,531 root WARNING Will not process this file Neque_magnam.zip,
2019-07-05 14:07:25,534,534 root WARNING Will not process this file Adipisci_ipsum.csv,
2019-07-05 14:07:25,540,540 root WARNING Will not process this file Quaerat_magnam.csv,
2019-07-05 14:07:25,547,547 root WARNING Will not process this file Dolore_non_magnam.zip,
2019-07-05 14:07:25,550,550 root WARNING Will not process this file Non_est_ut.csv,
2019-07-05 14:07:25,551,551 root WARNING Will not process this file Aliquam_labore.zip,
2019-07-05 14:07:25,554,554 root WARNING Will not process this file Magnam_consectetur_velit.zip,
2019-07-05 14:07:25,558,558 root WARNING Will not process this file Numquam_tempora_sit.zip,
2019-07-05 14:07:25,561,561 root WARNING Will not process this file Ipsum_sed_voluptatem.csv,
2019-07-05 14:07:25,563,563 root WARNING Will not process this file Porro_sed_quisquam.csv,
2019-07-05 14:07:25,565,565 root WARNING Will not process this file Velit_amet.csv,
2019-07-05 14:07:25,566,566 root WARNING Will not process this file Labore_consectetur.zip,
2019-07-05 14:07:25,569,569 root WARNING Will not process this file Neque_ut_est.csv,
2019-07-05 14:07:25,576,576 root WARNING Will not process this file Ut_magnam_tempora.csv,
2019-07-05 14:07:25,577,577 root WARNING Will not process this file Amet_ut.zip,
2019-07-05 14:07:25,578,578 root WARNING Will not process this file Quisquam_dolore.csv,
2019-07-05 14:07:25,579,579 root WARNING Will not process this file Dolorem_etincidunt_ipsum.zip,
2019-07-05 14:07:25,580,580 root WARNING Will not process this file Magnam_numquam_neque.zip,
2019-07-05 14:07:25,583,583 root WARNING Will not process this file Eius_quaerat.zip,
2019-07-05 14:07:25,584,584 root WARNING Will not process this file Numquam_eius.csv,
2019-07-05 14:07:25,585,585 root WARNING Will not process this file Velit_quisquam.zip,
2019-07-05 14:07:25,586,586 root WARNING Will not process this file Numquam_voluptatem_dolorem.zip,
2019-07-05 14:07:25,589,589 root WARNING Will not process this file Etincidunt_dolor.zip,
2019-07-05 14:07:25,591,591 root WARNING Will not process this file Sed_ipsum_dolor.zip,
2019-07-05 14:07:25,593,593 root WARNING Will not process this file Etincidunt_dolor_quaerat.zip,
2019-07-05 14:07:25,595,595 root WARNING Will not process this file Modi_tempora_quiquia.zip,
2019-07-05 14:07:25,597,597 root WARNING Will not process this file Labore_aliquam_dolore.csv,
2019-07-05 14:07:25,598,598 root WARNING Will not process this file Sit_voluptatem_sit.zip,
2019-07-05 14:07:25,598,598 root WARNING Will not process this file Ipsum_ipsum.csv,
2019-07-05 14:07:25,600,600 root WARNING Will not process this file Porro_dolorem.csv,
2019-07-05 14:07:25,600,600 root WARNING Will not process this file Neque_quiquia_dolor.csv,
2019-07-05 14:07:25,601,601 root WARNING Will not process this file Amet_tempora_sed.zip,
2019-07-05 14:07:25,603,603 root WARNING Will not process this file Sit_aliquam.csv,
2019-07-05 14:07:25,604,604 root WARNING Will not process this file Ut_neque.csv,
2019-07-05 14:07:25,604,604 root WARNING Will not process this file Voluptatem_etincidunt_voluptatem.csv,
2019-07-05 14:07:25,605,605 root WARNING Will not process this file Dolore_dolorem.zip,
2019-07-05 14:07:25,605,605 root WARNING Will not process this file Neque_adipisci_ut.zip,
